j:\mp\工程\lygmath\math\datastructure algorithm\debug\vc120.pdb
j:\mp\工程\lygmath\math\datastructure algorithm\debug\vc120.idb
j:\mp\工程\lygmath\math\datastructure algorithm\debug\array.obj
j:\mp\工程\lygmath\math\datastructure algorithm\debug\array2d.obj
j:\mp\工程\lygmath\math\datastructure algorithm\debug\bitvector.obj
j:\mp\工程\lygmath\math\datastructure algorithm\debug\headerfilecompress.obj
j:\mp\工程\lygmath\math\datastructure algorithm\debug\main.obj
j:\mp\工程\lygmath\math\datastructure algorithm\debug\singlylinkedlists.obj
j:\mp\工程\lygmath\math\datastructure algorithm\debug\array3d.obj
j:\mp\工程\lygmath\math\datastructure algorithm\debug\slinkedlists.obj
j:\mp\工程\lygmath\math\datastructure algorithm\debug\slistiterator.obj
j:\mp\工程\lygmath\math\debug\datastructure algorithm.ilk
j:\mp\工程\lygmath\math\debug\datastructure algorithm.exe
j:\mp\工程\lygmath\math\debug\datastructure algorithm.pdb
j:\mp\工程\lygmath\math\datastructure algorithm\debug\datastru.12f2a4f8.tlog\cl.command.1.tlog
j:\mp\工程\lygmath\math\datastructure algorithm\debug\datastru.12f2a4f8.tlog\cl.read.1.tlog
j:\mp\工程\lygmath\math\datastructure algorithm\debug\datastru.12f2a4f8.tlog\cl.write.1.tlog
j:\mp\工程\lygmath\math\datastructure algorithm\debug\datastru.12f2a4f8.tlog\link.command.1.tlog
j:\mp\工程\lygmath\math\datastructure algorithm\debug\datastru.12f2a4f8.tlog\link.read.1.tlog
j:\mp\工程\lygmath\math\datastructure algorithm\debug\datastru.12f2a4f8.tlog\link.write.1.tlog
